<?xml version="1.0" encoding="UTF-8"?>
<testsuite name="org.example.AppTest" tests="1" skipped="0" failures="0" errors="0" timestamp="2025-05-09T13:23:57.098Z" hostname="DESKTOP-E23CQCK" time="0.021">
  <properties/>
  <testcase name="appHasAGreeting()" classname="org.example.AppTest" time="0.021"/>
  <system-out><![CDATA[]]></system-out>
  <system-err><![CDATA[]]></system-err>
</testsuite>
